<?xml version="1.0" encoding="UTF-8"?>
<!-- Generated by org.testng.reporters.JUnitXMLReporter -->
<testsuite ignored="1" hostname="K830061-W102" failures="0" tests="1" name="Default test" time="28.416" errors="0" timestamp="2022-09-14T13:22:41 IST">
  <testcase classname="com.appointmanage.testcases.IndexPageText" name="signInPage" time="9.664"/>
  <testcase classname="com.appointmanage.testcases.IndexPageText" name="validateLogo" time="0.0">
    <ignored/>
  </testcase> <!-- validateLogo -->
</testsuite> <!-- Default test -->
